<?xml version="1.0" encoding="UTF-8"?>
<!-- Generated by org.testng.reporters.JUnitReportReporter -->
<testsuite skipped="0" hostname="Lochana" name="com.spark.ncms.test.PatientServiceImplTest" tests="3" failures="0" timestamp="2020-10-31T03:14:37 IST" time="0.015" errors="0">
  <testcase name="testTimeOut" time="0.011" classname="com.spark.ncms.test.PatientServiceImplTest"/>
  <system-out/>
  <testcase name="testDistance" time="0.004" classname="com.spark.ncms.test.PatientServiceImplTest"/>
  <system-out/>
  <testcase name="testPatientId" time="0.000" classname="com.spark.ncms.test.PatientServiceImplTest"/>
  <system-out/>
</testsuite> <!-- com.spark.ncms.test.PatientServiceImplTest -->
