<?xml version="1.0" encoding="UTF-8"?>
<!-- Generated by org.testng.reporters.JUnitReportReporter -->
<testsuite skipped="0" hostname="Lochana" name="com.spark.ncms.test.DoctorServiceImplTest" tests="1" failures="0" timestamp="2020-10-20T10:05:36 IST" time="0.000" errors="0">
  <testcase name="testMocking" time="0.000" classname="com.spark.ncms.test.DoctorServiceImplTest"/>
  <system-out/>
</testsuite> <!-- com.spark.ncms.test.DoctorServiceImplTest -->
